Nov 08, 2023 11:15:38 AM com.securechatapp.AppLogger <clinit>
INFO: Logger initialized and log file is located at: C:\Users\Alex\Desktop\Scoala\3RD year\Security fundamentals and Development\CA1\SecureChatApp\AppLog.log
Nov 08, 2023 11:15:38 AM com.securechatapp.AppLogger info
INFO: Retrieving public key for user ID: 43
Nov 08, 2023 11:15:38 AM com.securechatapp.AppLogger info
INFO: Public key retrieved for user ID: 43
Nov 08, 2023 11:15:38 AM com.securechatapp.AppLogger info
INFO: User useruser2 is now online with session ID: 517816681E56A9B8DFD1A9FC9669DD04
Nov 08, 2023 11:15:42 AM com.securechatapp.AppLogger info
INFO: Logging in user: useruser2 with userId: 43
Nov 08, 2023 11:15:50 AM com.securechatapp.AppLogger info
INFO: Retrieving public key for user ID: 44
Nov 08, 2023 11:15:50 AM com.securechatapp.AppLogger info
INFO: Public key retrieved for user ID: 44
Nov 08, 2023 11:15:50 AM com.securechatapp.AppLogger info
INFO: User useruser is now online with session ID: E8121C54BE19C4CBCD3CF2E08992D0F8
Nov 08, 2023 11:15:50 AM com.securechatapp.AppLogger info
INFO: Logging in user: useruser with userId: 44
Nov 08, 2023 11:16:47 AM com.securechatapp.AppLogger severe
SEVERE: onError - WebSocket error: null
Nov 08, 2023 11:16:47 AM com.securechatapp.AppLogger severe
SEVERE: onError - WebSocket error: null
